#-----------------------------------------------------------
# Vivado v2020.2 (64-bit)
# SW Build 3064766 on Wed Nov 18 09:12:45 MST 2020
# IP Build 3064653 on Wed Nov 18 14:17:31 MST 2020
# Start of session at: Sat Mar 27 22:48:29 2021
# Process ID: 26852
# Current directory: C:/Users/Allen/Documents/GitHub/EE460M-Labs/Lab 4/project_1
# Command line: vivado.exe -gui_launcher_event rodinguilauncherevent11180 C:\Users\Allen\Documents\GitHub\EE460M-Labs\Lab 4\project_1\project_1.xpr
# Log file: C:/Users/Allen/Documents/GitHub/EE460M-Labs/Lab 4/project_1/vivado.log
# Journal file: C:/Users/Allen/Documents/GitHub/EE460M-Labs/Lab 4/project_1\vivado.jou
#-----------------------------------------------------------
start_gui
open_project {C:/Users/Allen/Documents/GitHub/EE460M-Labs/Lab 4/project_1/project_1.xpr}
WARNING: [filemgmt 56-3] Default IP Output Path : Could not find the directory 'C:/Users/Allen/Documents/GitHub/EE460M-Labs/Lab 4/project_1/project_1.gen/sources_1'.
Scanning sources...
Finished scanning sources
INFO: [IP_Flow 19-234] Refreshing IP repositories
INFO: [IP_Flow 19-1704] No user IP repositories specified
INFO: [IP_Flow 19-2313] Loaded Vivado IP repository 'C:/Xilinx/Vivado/2020.2/data/ip'.
open_project: Time (s): cpu = 00:00:14 ; elapsed = 00:00:08 . Memory (MB): peak = 1007.867 ; gain = 0.000
update_compile_order -fileset sources_1
