
*** Running vivado
    with args -log FitBit.vds -m64 -product Vivado -mode batch -messageDb vivado.pb -notrace -source FitBit.tcl



****** Vivado v2020.2 (64-bit)
  **** SW Build 3064766 on Wed Nov 18 09:12:45 MST 2020
  **** IP Build 3064653 on Wed Nov 18 14:17:31 MST 2020
    ** Copyright 1986-2020 Xilinx, Inc. All Rights Reserved.

source FitBit.tcl -notrace
Command: synth_design -top FitBit -part xc7a35tcpg236-1
Starting synth_design
Attempting to get a license for feature 'Synthesis' and/or device 'xc7a35t'
INFO: [Common 17-349] Got license for feature 'Synthesis' and/or device 'xc7a35t'
INFO: [Device 21-403] Loading part xc7a35tcpg236-1
INFO: [Synth 8-7079] Multithreading enabled for synth_design using a maximum of 2 processes.
INFO: [Synth 8-7078] Launching helper process for spawning children vivado processes
INFO: [Synth 8-7075] Helper process launched with PID 21364
---------------------------------------------------------------------------------
Starting RTL Elaboration : Time (s): cpu = 00:00:06 ; elapsed = 00:00:06 . Memory (MB): peak = 1011.207 ; gain = 0.000
---------------------------------------------------------------------------------
INFO: [Synth 8-6157] synthesizing module 'FitBit' [C:/Users/Allen/Documents/GitHub/EE460M-Labs/Lab 3/Lab3_VivadoProject/Lab3_VivadoProject.srcs/sources_1/new/FitBit.v:4]
INFO: [Synth 8-6157] synthesizing module 'PulseGenerator' [C:/Users/Allen/Documents/GitHub/EE460M-Labs/Lab 3/Lab3_VivadoProject/Lab3_VivadoProject.srcs/sources_1/new/PulseGenerator.v:5]
INFO: [Synth 8-6155] done synthesizing module 'PulseGenerator' (1#1) [C:/Users/Allen/Documents/GitHub/EE460M-Labs/Lab 3/Lab3_VivadoProject/Lab3_VivadoProject.srcs/sources_1/new/PulseGenerator.v:5]
INFO: [Synth 8-6157] synthesizing module 'sevenseg' [C:/Users/Allen/Documents/GitHub/EE460M-Labs/Lab 3/Lab3_VivadoProject/Lab3_VivadoProject.srcs/sources_1/imports/Downloads/sevenseg.v:3]
INFO: [Synth 8-6157] synthesizing module 'bcd' [C:/Users/Allen/Documents/GitHub/EE460M-Labs/Lab 3/Lab3_VivadoProject/Lab3_VivadoProject.srcs/sources_1/imports/Downloads/bcd.v:3]
INFO: [Synth 8-226] default block is never used [C:/Users/Allen/Documents/GitHub/EE460M-Labs/Lab 3/Lab3_VivadoProject/Lab3_VivadoProject.srcs/sources_1/imports/Downloads/bcd.v:15]
INFO: [Synth 8-6155] done synthesizing module 'bcd' (2#1) [C:/Users/Allen/Documents/GitHub/EE460M-Labs/Lab 3/Lab3_VivadoProject/Lab3_VivadoProject.srcs/sources_1/imports/Downloads/bcd.v:3]
INFO: [Synth 8-6157] synthesizing module 'clkdiv' [C:/Users/Allen/Documents/GitHub/EE460M-Labs/Lab 3/Lab3_VivadoProject/Lab3_VivadoProject.srcs/sources_1/imports/Downloads/clkdiv.v:3]
INFO: [Synth 8-6155] done synthesizing module 'clkdiv' (3#1) [C:/Users/Allen/Documents/GitHub/EE460M-Labs/Lab 3/Lab3_VivadoProject/Lab3_VivadoProject.srcs/sources_1/imports/Downloads/clkdiv.v:3]
INFO: [Synth 8-226] default block is never used [C:/Users/Allen/Documents/GitHub/EE460M-Labs/Lab 3/Lab3_VivadoProject/Lab3_VivadoProject.srcs/sources_1/imports/Downloads/sevenseg.v:39]
INFO: [Synth 8-6155] done synthesizing module 'sevenseg' (4#1) [C:/Users/Allen/Documents/GitHub/EE460M-Labs/Lab 3/Lab3_VivadoProject/Lab3_VivadoProject.srcs/sources_1/imports/Downloads/sevenseg.v:3]
INFO: [Synth 8-6157] synthesizing module 'SpeedwalkTime' [C:/Users/Allen/Documents/GitHub/EE460M-Labs/Lab 3/Lab3_VivadoProject/Lab3_VivadoProject.srcs/sources_1/new/SpeedwalkTime.v:5]
INFO: [Synth 8-6155] done synthesizing module 'SpeedwalkTime' (5#1) [C:/Users/Allen/Documents/GitHub/EE460M-Labs/Lab 3/Lab3_VivadoProject/Lab3_VivadoProject.srcs/sources_1/new/SpeedwalkTime.v:5]
INFO: [Synth 8-6157] synthesizing module 'HighActivity' [C:/Users/Allen/Documents/GitHub/EE460M-Labs/Lab 3/Lab3_VivadoProject/Lab3_VivadoProject.srcs/sources_1/new/HighActivity.v:5]
INFO: [Synth 8-6155] done synthesizing module 'HighActivity' (6#1) [C:/Users/Allen/Documents/GitHub/EE460M-Labs/Lab 3/Lab3_VivadoProject/Lab3_VivadoProject.srcs/sources_1/new/HighActivity.v:5]
INFO: [Synth 8-6155] done synthesizing module 'FitBit' (7#1) [C:/Users/Allen/Documents/GitHub/EE460M-Labs/Lab 3/Lab3_VivadoProject/Lab3_VivadoProject.srcs/sources_1/new/FitBit.v:4]
---------------------------------------------------------------------------------
Finished RTL Elaboration : Time (s): cpu = 00:00:07 ; elapsed = 00:00:07 . Memory (MB): peak = 1011.207 ; gain = 0.000
---------------------------------------------------------------------------------
---------------------------------------------------------------------------------
Start Handling Custom Attributes
---------------------------------------------------------------------------------
---------------------------------------------------------------------------------
Finished Handling Custom Attributes : Time (s): cpu = 00:00:07 ; elapsed = 00:00:08 . Memory (MB): peak = 1011.207 ; gain = 0.000
---------------------------------------------------------------------------------
---------------------------------------------------------------------------------
Finished RTL Optimization Phase 1 : Time (s): cpu = 00:00:08 ; elapsed = 00:00:08 . Memory (MB): peak = 1011.207 ; gain = 0.000
---------------------------------------------------------------------------------
Netlist sorting complete. Time (s): cpu = 00:00:00 ; elapsed = 00:00:00.024 . Memory (MB): peak = 1011.207 ; gain = 0.000
INFO: [Project 1-570] Preparing netlist for logic optimization

Processing XDC Constraints
Initializing timing engine
Parsing XDC File [C:/Users/Allen/Documents/GitHub/EE460M-Labs/Lab 3/Basys3_Master.xdc]
Finished Parsing XDC File [C:/Users/Allen/Documents/GitHub/EE460M-Labs/Lab 3/Basys3_Master.xdc]
INFO: [Project 1-236] Implementation specific constraints were found while reading constraint file [C:/Users/Allen/Documents/GitHub/EE460M-Labs/Lab 3/Basys3_Master.xdc]. These constraints will be ignored for synthesis but will be used in implementation. Impacted constraints are listed in the file [.Xil/FitBit_propImpl.xdc].
Resolution: To avoid this warning, move constraints listed in [.Xil/FitBit_propImpl.xdc] to another XDC file and exclude this new file from synthesis with the used_in_synthesis property (File Properties dialog in GUI) and re-run elaboration/synthesis.
Completed Processing XDC Constraints

Netlist sorting complete. Time (s): cpu = 00:00:00 ; elapsed = 00:00:00 . Memory (MB): peak = 1024.699 ; gain = 0.000
INFO: [Project 1-111] Unisim Transformation Summary:
No Unisim elements were transformed.

Constraint Validation Runtime : Time (s): cpu = 00:00:00 ; elapsed = 00:00:00.006 . Memory (MB): peak = 1024.699 ; gain = 0.000
---------------------------------------------------------------------------------
Finished Constraint Validation : Time (s): cpu = 00:00:16 ; elapsed = 00:00:17 . Memory (MB): peak = 1024.699 ; gain = 13.492
---------------------------------------------------------------------------------
---------------------------------------------------------------------------------
Start Loading Part and Timing Information
---------------------------------------------------------------------------------
Loading part: xc7a35tcpg236-1
---------------------------------------------------------------------------------
Finished Loading Part and Timing Information : Time (s): cpu = 00:00:16 ; elapsed = 00:00:17 . Memory (MB): peak = 1024.699 ; gain = 13.492
---------------------------------------------------------------------------------
---------------------------------------------------------------------------------
Start Applying 'set_property' XDC Constraints
---------------------------------------------------------------------------------
---------------------------------------------------------------------------------
Finished applying 'set_property' XDC Constraints : Time (s): cpu = 00:00:16 ; elapsed = 00:00:17 . Memory (MB): peak = 1024.699 ; gain = 13.492
---------------------------------------------------------------------------------
INFO: [Synth 8-802] inferred FSM for state register 'current_reg' in module 'sevenseg'
---------------------------------------------------------------------------------------------------
                   State |                     New Encoding |                Previous Encoding 
---------------------------------------------------------------------------------------------------
                  iSTATE |                               00 |                               00
                 iSTATE0 |                               01 |                               01
                 iSTATE1 |                               10 |                               10
                 iSTATE2 |                               11 |                               11
---------------------------------------------------------------------------------------------------
INFO: [Synth 8-3354] encoded FSM with state register 'current_reg' using encoding 'sequential' in module 'sevenseg'
---------------------------------------------------------------------------------
Finished RTL Optimization Phase 2 : Time (s): cpu = 00:00:16 ; elapsed = 00:00:17 . Memory (MB): peak = 1024.699 ; gain = 13.492
---------------------------------------------------------------------------------
---------------------------------------------------------------------------------
Start RTL Component Statistics 
---------------------------------------------------------------------------------
Detailed RTL Component Info : 
+---Adders : 
	   2 Input   64 Bit       Adders := 3     
	   2 Input   32 Bit       Adders := 3     
	   2 Input   15 Bit       Adders := 1     
+---Registers : 
	               64 Bit    Registers := 2     
	               32 Bit    Registers := 2     
	               16 Bit    Registers := 1     
	                4 Bit    Registers := 2     
	                1 Bit    Registers := 9     
+---Multipliers : 
	              27x32  Multipliers := 1     
+---Muxes : 
	   2 Input   32 Bit        Muxes := 2     
	   2 Input    8 Bit        Muxes := 1     
	   4 Input    8 Bit        Muxes := 1     
	  13 Input    7 Bit        Muxes := 1     
	  17 Input    7 Bit        Muxes := 1     
	   4 Input    4 Bit        Muxes := 2     
	   2 Input    4 Bit        Muxes := 1     
	   4 Input    2 Bit        Muxes := 1     
	   2 Input    1 Bit        Muxes := 6     
	   4 Input    1 Bit        Muxes := 1     
---------------------------------------------------------------------------------
Finished RTL Component Statistics 
---------------------------------------------------------------------------------
---------------------------------------------------------------------------------
Start Part Resource Summary
---------------------------------------------------------------------------------
Part Resources:
DSPs: 90 (col length:60)
BRAMs: 100 (col length: RAMB18 60 RAMB36 30)
---------------------------------------------------------------------------------
Finished Part Resource Summary
---------------------------------------------------------------------------------
---------------------------------------------------------------------------------
Start Cross Boundary and Area Optimization
---------------------------------------------------------------------------------
DSP Report: Generating DSP secondsCount1, operation Mode is: (A:0x1e100)*B2.
DSP Report: register secondsCount_reg is absorbed into DSP secondsCount1.
DSP Report: operator secondsCount1 is absorbed into DSP secondsCount1.
DSP Report: operator secondsCount1 is absorbed into DSP secondsCount1.
DSP Report: Generating DSP secondsCount1, operation Mode is: (PCIN>>17)+A2*B.
DSP Report: register secondsCount_reg is absorbed into DSP secondsCount1.
DSP Report: operator secondsCount1 is absorbed into DSP secondsCount1.
DSP Report: operator secondsCount1 is absorbed into DSP secondsCount1.
DSP Report: Generating DSP secondsCount1, operation Mode is: A2*(B:0x1e100).
DSP Report: register secondsCount1 is absorbed into DSP secondsCount1.
DSP Report: operator secondsCount1 is absorbed into DSP secondsCount1.
DSP Report: operator secondsCount1 is absorbed into DSP secondsCount1.
DSP Report: Generating DSP secondsCount1, operation Mode is: (PCIN>>17)+A2*B.
DSP Report: register secondsCount1 is absorbed into DSP secondsCount1.
DSP Report: operator secondsCount1 is absorbed into DSP secondsCount1.
DSP Report: operator secondsCount1 is absorbed into DSP secondsCount1.
---------------------------------------------------------------------------------
Finished Cross Boundary and Area Optimization : Time (s): cpu = 00:00:41 ; elapsed = 00:00:44 . Memory (MB): peak = 1031.824 ; gain = 20.617
---------------------------------------------------------------------------------
---------------------------------------------------------------------------------
Start ROM, RAM, DSP, Shift Register and Retiming Reporting
---------------------------------------------------------------------------------

DSP: Preliminary Mapping	Report (see note below)
+--------------+-----------------+--------+--------+--------+--------+--------+------+------+------+------+-------+------+------+
|Module Name   | DSP Mapping     | A Size | B Size | C Size | D Size | P Size | AREG | BREG | CREG | DREG | ADREG | MREG | PREG | 
+--------------+-----------------+--------+--------+--------+--------+--------+------+------+------+------+-------+------+------+
|SpeedwalkTime | (A:0x1e100)*B2  | 18     | 16     | -      | -      | 48     | 0    | 1    | -    | -    | -     | 0    | 0    | 
|SpeedwalkTime | (PCIN>>17)+A2*B | 16     | 11     | -      | -      | 48     | 1    | 0    | -    | -    | -     | 0    | 0    | 
|SpeedwalkTime | A2*(B:0x1e100)  | 18     | 18     | -      | -      | 48     | 1    | 0    | -    | -    | -     | 0    | 0    | 
|SpeedwalkTime | (PCIN>>17)+A2*B | 18     | 11     | -      | -      | 48     | 1    | 0    | -    | -    | -     | 0    | 0    | 
+--------------+-----------------+--------+--------+--------+--------+--------+------+------+------+------+-------+------+------+

Note: The table above is a preliminary report that shows the DSPs inferred at the current stage of the synthesis flow. Some DSP may be reimplemented as non DSP primitives later in the synthesis flow. Multiple instantiated DSPs are reported only once.
---------------------------------------------------------------------------------
Finished ROM, RAM, DSP, Shift Register and Retiming Reporting
---------------------------------------------------------------------------------
---------------------------------------------------------------------------------
Start Applying XDC Timing Constraints
---------------------------------------------------------------------------------
---------------------------------------------------------------------------------
Finished Applying XDC Timing Constraints : Time (s): cpu = 00:00:54 ; elapsed = 00:00:59 . Memory (MB): peak = 1045.477 ; gain = 34.270
---------------------------------------------------------------------------------
---------------------------------------------------------------------------------
Start Timing Optimization
---------------------------------------------------------------------------------
---------------------------------------------------------------------------------
Finished Timing Optimization : Time (s): cpu = 00:00:57 ; elapsed = 00:01:02 . Memory (MB): peak = 1079.266 ; gain = 68.059
---------------------------------------------------------------------------------
---------------------------------------------------------------------------------
Start Technology Mapping
---------------------------------------------------------------------------------
---------------------------------------------------------------------------------
Finished Technology Mapping : Time (s): cpu = 00:00:59 ; elapsed = 00:01:04 . Memory (MB): peak = 1135.895 ; gain = 124.688
---------------------------------------------------------------------------------
---------------------------------------------------------------------------------
Start IO Insertion
---------------------------------------------------------------------------------
---------------------------------------------------------------------------------
Start Flattening Before IO Insertion
---------------------------------------------------------------------------------
---------------------------------------------------------------------------------
Finished Flattening Before IO Insertion
---------------------------------------------------------------------------------
---------------------------------------------------------------------------------
Start Final Netlist Cleanup
---------------------------------------------------------------------------------
---------------------------------------------------------------------------------
Finished Final Netlist Cleanup
---------------------------------------------------------------------------------
---------------------------------------------------------------------------------
Finished IO Insertion : Time (s): cpu = 00:01:04 ; elapsed = 00:01:09 . Memory (MB): peak = 1148.723 ; gain = 137.516
---------------------------------------------------------------------------------
---------------------------------------------------------------------------------
Start Renaming Generated Instances
---------------------------------------------------------------------------------
---------------------------------------------------------------------------------
Finished Renaming Generated Instances : Time (s): cpu = 00:01:04 ; elapsed = 00:01:09 . Memory (MB): peak = 1148.723 ; gain = 137.516
---------------------------------------------------------------------------------
---------------------------------------------------------------------------------
Start Rebuilding User Hierarchy
---------------------------------------------------------------------------------
---------------------------------------------------------------------------------
Finished Rebuilding User Hierarchy : Time (s): cpu = 00:01:05 ; elapsed = 00:01:10 . Memory (MB): peak = 1148.723 ; gain = 137.516
---------------------------------------------------------------------------------
---------------------------------------------------------------------------------
Start Renaming Generated Ports
---------------------------------------------------------------------------------
---------------------------------------------------------------------------------
Finished Renaming Generated Ports : Time (s): cpu = 00:01:05 ; elapsed = 00:01:10 . Memory (MB): peak = 1148.723 ; gain = 137.516
---------------------------------------------------------------------------------
---------------------------------------------------------------------------------
Start Handling Custom Attributes
---------------------------------------------------------------------------------
---------------------------------------------------------------------------------
Finished Handling Custom Attributes : Time (s): cpu = 00:01:05 ; elapsed = 00:01:10 . Memory (MB): peak = 1148.723 ; gain = 137.516
---------------------------------------------------------------------------------
---------------------------------------------------------------------------------
Start Renaming Generated Nets
---------------------------------------------------------------------------------
---------------------------------------------------------------------------------
Finished Renaming Generated Nets : Time (s): cpu = 00:01:05 ; elapsed = 00:01:10 . Memory (MB): peak = 1148.723 ; gain = 137.516
---------------------------------------------------------------------------------
---------------------------------------------------------------------------------
Start Writing Synthesis Report
---------------------------------------------------------------------------------

Report BlackBoxes: 
+-+--------------+----------+
| |BlackBox name |Instances |
+-+--------------+----------+
+-+--------------+----------+

Report Cell Usage: 
+------+--------+------+
|      |Cell    |Count |
+------+--------+------+
|1     |BUFG    |     1|
|2     |CARRY4  |   477|
|3     |DSP48E1 |     4|
|5     |LUT1    |    24|
|6     |LUT2    |   510|
|7     |LUT3    |   575|
|8     |LUT4    |   446|
|9     |LUT5    |   396|
|10    |LUT6    |   904|
|11    |FDRE    |   352|
|12    |FDSE    |     3|
|13    |IBUF    |     5|
|14    |OBUF    |    15|
+------+--------+------+
---------------------------------------------------------------------------------
Finished Writing Synthesis Report : Time (s): cpu = 00:01:05 ; elapsed = 00:01:10 . Memory (MB): peak = 1148.723 ; gain = 137.516
---------------------------------------------------------------------------------
Synthesis finished with 0 errors, 0 critical warnings and 0 warnings.
Synthesis Optimization Runtime : Time (s): cpu = 00:00:55 ; elapsed = 00:01:07 . Memory (MB): peak = 1148.723 ; gain = 124.023
Synthesis Optimization Complete : Time (s): cpu = 00:01:05 ; elapsed = 00:01:10 . Memory (MB): peak = 1148.723 ; gain = 137.516
INFO: [Project 1-571] Translating synthesized netlist
Netlist sorting complete. Time (s): cpu = 00:00:00 ; elapsed = 00:00:00.066 . Memory (MB): peak = 1148.723 ; gain = 0.000
INFO: [Netlist 29-17] Analyzing 481 Unisim elements for replacement
INFO: [Netlist 29-28] Unisim Transformation completed in 0 CPU seconds
INFO: [Project 1-570] Preparing netlist for logic optimization
INFO: [Opt 31-138] Pushed 0 inverter(s) to 0 load pin(s).
Netlist sorting complete. Time (s): cpu = 00:00:00 ; elapsed = 00:00:00.001 . Memory (MB): peak = 1148.723 ; gain = 0.000
INFO: [Project 1-111] Unisim Transformation Summary:
No Unisim elements were transformed.

INFO: [Common 17-83] Releasing license: Synthesis
33 Infos, 0 Warnings, 0 Critical Warnings and 0 Errors encountered.
synth_design completed successfully
synth_design: Time (s): cpu = 00:01:12 ; elapsed = 00:01:20 . Memory (MB): peak = 1148.723 ; gain = 137.516
INFO: [Common 17-1381] The checkpoint 'C:/Users/Allen/Documents/GitHub/EE460M-Labs/Lab 3/Lab3_VivadoProject/Lab3_VivadoProject.runs/synth_1/FitBit.dcp' has been generated.
INFO: [runtcl-4] Executing : report_utilization -file FitBit_utilization_synth.rpt -pb FitBit_utilization_synth.pb
INFO: [Common 17-206] Exiting Vivado at Sat Mar 20 06:04:39 2021...
