#-----------------------------------------------------------
# Vivado v2020.2 (64-bit)
# SW Build 3064766 on Wed Nov 18 09:12:45 MST 2020
# IP Build 3064653 on Wed Nov 18 14:17:31 MST 2020
# Start of session at: Wed Mar  3 21:42:19 2021
# Process ID: 2780
# Current directory: C:/Users/xchen/Documents/EE460M HDL Digital Sys/EE460M-Labs/Lab 3/Lab3_VivadoProject
# Command line: vivado.exe -gui_launcher_event rodinguilauncherevent7604 C:\Users\xchen\Documents\EE460M HDL Digital Sys\EE460M-Labs\Lab 3\Lab3_VivadoProject\Lab3_VivadoProject.xpr
# Log file: C:/Users/xchen/Documents/EE460M HDL Digital Sys/EE460M-Labs/Lab 3/Lab3_VivadoProject/vivado.log
# Journal file: C:/Users/xchen/Documents/EE460M HDL Digital Sys/EE460M-Labs/Lab 3/Lab3_VivadoProject\vivado.jou
#-----------------------------------------------------------
start_gui
open_project {C:/Users/xchen/Documents/EE460M HDL Digital Sys/EE460M-Labs/Lab 3/Lab3_VivadoProject/Lab3_VivadoProject.xpr}
INFO: [ProjectBase 1-489] The host OS only allows 260 characters in a normal path. The project is stored in a path with more than 80 characters. If you experience issues with IP, Block Designs, or files not being found, please consider moving the project to a location with a shorter path. Alternately consider using the OS subst command to map part of the path to a drive letter.
Current project path is 'C:/Users/xchen/Documents/EE460M HDL Digital Sys/EE460M-Labs/Lab 3/Lab3_VivadoProject'
WARNING: [filemgmt 56-3] Default IP Output Path : Could not find the directory 'C:/Users/xchen/Documents/EE460M HDL Digital Sys/EE460M-Labs/Lab 3/Lab3_VivadoProject/Lab3_VivadoProject.gen/sources_1'.
Scanning sources...
Finished scanning sources
INFO: [IP_Flow 19-234] Refreshing IP repositories
INFO: [IP_Flow 19-1704] No user IP repositories specified
INFO: [IP_Flow 19-2313] Loaded Vivado IP repository 'C:/Xilinx/Vivado/2020.2/data/ip'.
open_project: Time (s): cpu = 00:00:12 ; elapsed = 00:00:05 . Memory (MB): peak = 1014.637 ; gain = 0.000
update_compile_order -fileset sources_1
add_files -norecurse {{C:/Users/xchen/Documents/EE460M HDL Digital Sys/EE460M-Labs/Lab 3/Lab3_VivadoProject/Lab3_VivadoProject.srcs/sources_1/new/SpeedwalkTime.v}}
update_compile_order -fileset sources_1
exit
INFO: [Common 17-206] Exiting Vivado at Wed Mar  3 21:46:58 2021...
