#-----------------------------------------------------------
# Vivado v2020.2 (64-bit)
# SW Build 3064766 on Wed Nov 18 09:12:45 MST 2020
# IP Build 3064653 on Wed Nov 18 14:17:31 MST 2020
# Start of session at: Sun Apr 18 11:44:09 2021
# Process ID: 10460
# Current directory: C:/Users/xchen/Documents/EE460M HDL Digital Sys/EE460M-Labs/Lab6
# Command line: vivado.exe -gui_launcher_event rodinguilauncherevent3000 C:\Users\xchen\Documents\EE460M HDL Digital Sys\EE460M-Labs\Lab6\Lab6.xpr
# Log file: C:/Users/xchen/Documents/EE460M HDL Digital Sys/EE460M-Labs/Lab6/vivado.log
# Journal file: C:/Users/xchen/Documents/EE460M HDL Digital Sys/EE460M-Labs/Lab6\vivado.jou
#-----------------------------------------------------------
start_gui
open_project {C:/Users/xchen/Documents/EE460M HDL Digital Sys/EE460M-Labs/Lab6/Lab6.xpr}
INFO: [Project 1-313] Project file moved from 'C:/Users/Allen/Documents/GitHub/EE460M-Labs/Lab6' since last save.
WARNING: [filemgmt 56-2] Default IP Output Path : Could not find the directory 'C:/Users/xchen/Documents/EE460M HDL Digital Sys/EE460M-Labs/Lab6/Lab6.gen/sources_1', nor could it be found using path 'C:/Users/Allen/Documents/GitHub/EE460M-Labs/Lab6/Lab6.gen/sources_1'.
WARNING: [filemgmt 56-2] IPUserFilesDir: Could not find the directory 'C:/Users/xchen/Documents/EE460M HDL Digital Sys/EE460M-Labs/Lab6/Lab6.ip_user_files', nor could it be found using path 'C:/Users/Allen/Documents/GitHub/EE460M-Labs/Lab6/Lab6.ip_user_files'.
Scanning sources...
Finished scanning sources
INFO: [IP_Flow 19-234] Refreshing IP repositories
INFO: [IP_Flow 19-1704] No user IP repositories specified
INFO: [IP_Flow 19-2313] Loaded Vivado IP repository 'C:/Xilinx/Vivado/2020.2/data/ip'.
update_compile_order -fileset sources_1
exit
INFO: [Common 17-206] Exiting Vivado at Sun Apr 18 11:48:21 2021...
